2025-04-01 02:29:17,797 - entity_resolution - INFO - Registered approach: ML-based Entity Resolution
2025-04-01 02:29:17,802 - entity_resolution - INFO - Registered approach: Rule-based Entity Resolution
2025-04-01 02:29:17,802 - entity_resolution - INFO - Registered approach: Graph-based Entity Resolution
2025-04-01 02:29:17,802 - entity_resolution - INFO - Registered approach: Semantic Matching Entity Resolution
2025-04-01 02:29:17,802 - entity_resolution - INFO - Registered approach: Deep Learning Entity Resolution
2025-04-01 02:29:17,802 - entity_resolution - INFO - Loading data from .\veridion_entity_resolution_challenge.snappy.parquet...
2025-04-01 02:29:18,047 - entity_resolution - INFO - Loaded 33446 records with 75 columns
2025-04-01 02:29:18,047 - entity_resolution - INFO - Running approach: ML-based Entity Resolution
2025-04-01 02:29:18,047 - entity_resolution - INFO - Running entity resolution with ML-based Entity Resolution...
2025-04-01 02:29:18,047 - entity_resolution - INFO - [ML-based Entity Resolution] Preprocessing data...
2025-04-01 02:29:20,107 - entity_resolution - INFO - [ML-based Entity Resolution] Training similarity model...
2025-04-01 02:29:20,338 - entity_resolution - INFO - [ML-based Entity Resolution] Generating 10000 training pairs...
2025-04-01 02:29:33,177 - entity_resolution - INFO - [ML-based Entity Resolution] Selected 10 features: name_token_sort, name_token_set, name_partial, domain_partial, address_token_sort, address_token_set, phone_partial, same_country, same_region, business_tags_sim
2025-04-01 02:29:33,866 - entity_resolution - INFO - [ML-based Entity Resolution] Top 5 important features:
2025-04-01 02:29:33,867 - entity_resolution - INFO -   - domain_partial: 0.1416
2025-04-01 02:29:33,867 - entity_resolution - INFO -   - name_partial: 0.1410
2025-04-01 02:29:33,867 - entity_resolution - INFO -   - name_exact: 0.1392
2025-04-01 02:29:33,867 - entity_resolution - INFO -   - name_token_sort: 0.1239
2025-04-01 02:29:33,867 - entity_resolution - INFO -   - name_token_set: 0.1212
2025-04-01 02:29:33,894 - entity_resolution - INFO - [ML-based Entity Resolution] Validation accuracy: 0.7300
2025-04-01 02:29:33,895 - entity_resolution - INFO - [ML-based Entity Resolution] Creating blocking keys...
2025-04-01 02:29:35,667 - entity_resolution - INFO - [ML-based Entity Resolution] Created 16965 blocking keys
2025-04-01 02:29:35,667 - entity_resolution - INFO -   - Average block size: 6.1
2025-04-01 02:29:35,670 - entity_resolution - INFO -   - Max block size: 645
2025-04-01 02:29:35,670 - entity_resolution - INFO -   - Total pairs to compare: 1251059
2025-04-01 02:29:35,700 - entity_resolution - INFO - [ML-based Entity Resolution] Finding candidate pairs...
2025-04-01 02:29:35,707 - entity_resolution - INFO - [ML-based Entity Resolution] Potential comparisons from blocks: 1251059
2025-04-01 02:29:35,963 - entity_resolution - INFO - [ML-based Entity Resolution] Found 508603 candidate pairs
2025-04-01 02:29:35,963 - entity_resolution - INFO - [ML-based Entity Resolution] Predicting matches with threshold 0.5...
2025-04-01 02:31:43,987 - entity_resolution - INFO - [ML-based Entity Resolution] Found 473600 matches
2025-04-01 02:31:44,003 - entity_resolution - INFO - [ML-based Entity Resolution] Creating clusters...
2025-04-01 02:31:44,003 - entity_resolution - INFO - Creating clusters from matches...
2025-04-01 02:31:44,857 - entity_resolution - INFO - Finding connected components...
2025-04-01 02:31:44,946 - entity_resolution - INFO - Found 434 initial clusters
2025-04-01 02:31:44,946 - entity_resolution - INFO - Found 1 suspicious large clusters
2025-04-01 02:31:59,067 - entity_resolution - INFO - Split cluster 0 into 71 sub-clusters
2025-04-01 02:31:59,077 - entity_resolution - INFO - Final cluster count: 504
2025-04-01 02:31:59,077 - entity_resolution - INFO - Largest cluster size: 2359
2025-04-01 02:31:59,107 - entity_resolution - INFO - [ML-based Entity Resolution] Creating canonical records...
2025-04-01 02:31:59,107 - entity_resolution - INFO - Creating canonical records...
2025-04-01 02:32:07,397 - entity_resolution - INFO - Entity resolution completed in 169.35 seconds
2025-04-01 02:32:08,892 - entity_resolution - INFO - Results saved to results\ml-based_entity_resolution
2025-04-01 02:32:08,892 - entity_resolution - INFO - Completed approach: ML-based Entity Resolution
2025-04-01 02:32:08,892 - entity_resolution - INFO - Found 504 unique entities (deduplication rate: 98.49%)
2025-04-01 02:32:08,892 - entity_resolution - INFO - Running approach: Rule-based Entity Resolution
2025-04-01 02:32:08,892 - entity_resolution - INFO - Running entity resolution with Rule-based Entity Resolution...
2025-04-01 02:32:08,892 - entity_resolution - INFO - [Rule-based Entity Resolution] Preprocessing data...
2025-04-01 02:32:10,861 - entity_resolution - INFO - [Rule-based Entity Resolution] Generating rule-based matches...
2025-04-01 02:36:35,250 - entity_resolution - INFO - [Rule-based Entity Resolution] Found 64170 matches using rules
2025-04-01 02:36:35,258 - entity_resolution - INFO - [Rule-based Entity Resolution] Creating clusters...
2025-04-01 02:36:35,258 - entity_resolution - INFO - Creating clusters from matches...
2025-04-01 02:36:35,372 - entity_resolution - INFO - Finding connected components...
2025-04-01 02:36:35,434 - entity_resolution - INFO - Found 8614 initial clusters
2025-04-01 02:36:35,435 - entity_resolution - INFO - Found 1 suspicious large clusters
2025-04-01 02:36:38,585 - entity_resolution - INFO - Split cluster 0 into 124 sub-clusters
2025-04-01 02:36:38,595 - entity_resolution - INFO - Final cluster count: 8737
2025-04-01 02:36:38,601 - entity_resolution - INFO - Largest cluster size: 328
2025-04-01 02:36:38,634 - entity_resolution - INFO - [Rule-based Entity Resolution] Creating canonical records...
2025-04-01 02:36:38,636 - entity_resolution - INFO - Creating canonical records...
2025-04-01 02:36:58,624 - entity_resolution - INFO - Entity resolution completed in 289.73 seconds
2025-04-01 02:37:00,650 - entity_resolution - INFO - Results saved to results\rule-based_entity_resolution
2025-04-01 02:37:00,650 - entity_resolution - INFO - Completed approach: Rule-based Entity Resolution
2025-04-01 02:37:00,652 - entity_resolution - INFO - Found 8737 unique entities (deduplication rate: 73.88%)
2025-04-01 02:37:00,652 - entity_resolution - INFO - Running approach: Graph-based Entity Resolution
2025-04-01 02:37:00,652 - entity_resolution - INFO - Running entity resolution with Graph-based Entity Resolution...
2025-04-01 02:37:00,652 - entity_resolution - INFO - [Graph-based Entity Resolution] Preprocessing data...
2025-04-01 02:37:02,708 - entity_resolution - INFO - [Graph-based Entity Resolution] Building similarity graph...
2025-04-01 02:37:58,140 - entity_resolution - INFO - [Graph-based Entity Resolution] Built graph with 33446 nodes and 70869 edges
2025-04-01 02:37:58,174 - entity_resolution - INFO - [Graph-based Entity Resolution] Detecting communities...
2025-04-01 02:37:58,233 - entity_resolution - INFO - [Graph-based Entity Resolution] Found 7094 connected components
2025-04-01 02:38:01,707 - entity_resolution - INFO - [Graph-based Entity Resolution] Split component with 23018 nodes into 147 communities
2025-04-01 02:38:01,707 - entity_resolution - INFO - [Graph-based Entity Resolution] Refined 1 large components
2025-04-01 02:38:01,707 - entity_resolution - INFO - [Graph-based Entity Resolution] Final cluster count: 7240
2025-04-01 02:38:01,757 - entity_resolution - INFO - [Graph-based Entity Resolution] Creating canonical records...
2025-04-01 02:38:01,758 - entity_resolution - INFO - Creating canonical records...
2025-04-01 02:38:20,846 - entity_resolution - INFO - Entity resolution completed in 80.19 seconds
2025-04-01 02:38:22,760 - entity_resolution - INFO - Results saved to results\graph-based_entity_resolution
2025-04-01 02:38:22,760 - entity_resolution - INFO - Completed approach: Graph-based Entity Resolution
2025-04-01 02:38:22,760 - entity_resolution - INFO - Found 7240 unique entities (deduplication rate: 78.35%)
2025-04-01 02:38:22,760 - entity_resolution - INFO - Running approach: Semantic Matching Entity Resolution
2025-04-01 02:38:22,760 - entity_resolution - INFO - Running entity resolution with Semantic Matching Entity Resolution...
2025-04-01 02:38:22,760 - entity_resolution - INFO - [Semantic Matching Entity Resolution] Preprocessing data...
2025-04-01 02:38:31,763 - entity_resolution - INFO - [Semantic Matching Entity Resolution] Generating name embeddings...
2025-04-01 02:38:35,713 - entity_resolution - INFO - [Semantic Matching Entity Resolution] Generated TF-IDF embeddings with 19304 features
2025-04-01 02:38:35,713 - entity_resolution - INFO - [Semantic Matching Entity Resolution] Generated embeddings for 32617 company names
2025-04-01 02:38:35,721 - entity_resolution - INFO - [Semantic Matching Entity Resolution] Finding semantic matches...
2025-04-01 02:47:49,363 - entity_resolution - INFO - [Semantic Matching Entity Resolution] Found 7361 semantic matches
2025-04-01 02:47:49,363 - entity_resolution - INFO - [Semantic Matching Entity Resolution] Creating clusters...
2025-04-01 02:47:49,363 - entity_resolution - INFO - Creating clusters from matches...
2025-04-01 02:47:49,395 - entity_resolution - INFO - Finding connected components...
2025-04-01 02:47:49,428 - entity_resolution - INFO - Found 31039 initial clusters
2025-04-01 02:47:49,440 - entity_resolution - INFO - Final cluster count: 31039
2025-04-01 02:47:49,450 - entity_resolution - INFO - Largest cluster size: 33
2025-04-01 02:47:49,474 - entity_resolution - INFO - [Semantic Matching Entity Resolution] Creating canonical records...
2025-04-01 02:47:49,474 - entity_resolution - INFO - Creating canonical records...
2025-04-01 02:48:33,408 - entity_resolution - INFO - Entity resolution completed in 610.65 seconds
2025-04-01 02:48:36,085 - entity_resolution - INFO - Results saved to results\semantic_matching_entity_resolution
2025-04-01 02:48:36,085 - entity_resolution - INFO - Completed approach: Semantic Matching Entity Resolution
2025-04-01 02:48:36,085 - entity_resolution - INFO - Found 31039 unique entities (deduplication rate: 7.20%)
2025-04-01 02:48:36,085 - entity_resolution - INFO - Running approach: Deep Learning Entity Resolution
2025-04-01 02:48:36,085 - entity_resolution - INFO - Running entity resolution with Deep Learning Entity Resolution...
2025-04-01 02:48:36,085 - entity_resolution - INFO - [Deep Learning Entity Resolution] Preprocessing data...
2025-04-01 02:48:44,150 - entity_resolution - INFO - [Deep Learning Entity Resolution] Training neural network similarity model...
2025-04-01 02:48:44,150 - entity_resolution - INFO - [Deep Learning Entity Resolution] Generating 15000 training pairs...
2025-04-01 02:49:03,223 - entity_resolution - INFO - [Deep Learning Entity Resolution] Validation accuracy: 0.9427
2025-04-01 02:49:03,223 - entity_resolution - INFO - [Deep Learning Entity Resolution] Creating blocking keys...
2025-04-01 02:49:04,964 - entity_resolution - INFO - [Deep Learning Entity Resolution] Created 16965 blocking keys
2025-04-01 02:49:04,964 - entity_resolution - INFO -   - Average block size: 6.1
2025-04-01 02:49:04,964 - entity_resolution - INFO -   - Max block size: 645
2025-04-01 02:49:04,972 - entity_resolution - INFO -   - Total pairs to compare: 1251059
2025-04-01 02:49:05,004 - entity_resolution - INFO - [Deep Learning Entity Resolution] Finding candidate pairs...
2025-04-01 02:49:05,004 - entity_resolution - INFO - [Deep Learning Entity Resolution] Potential comparisons from blocks: 1251059
2025-04-01 02:49:05,250 - entity_resolution - INFO - [Deep Learning Entity Resolution] Found 508603 candidate pairs
2025-04-01 02:49:05,250 - entity_resolution - INFO - [Deep Learning Entity Resolution] Predicting matches with threshold 0.5...
2025-04-01 02:51:13,291 - entity_resolution - INFO - [Deep Learning Entity Resolution] Found 508603 matches using deep learning
2025-04-01 02:51:13,303 - entity_resolution - INFO - [Deep Learning Entity Resolution] Creating clusters...
2025-04-01 02:51:13,303 - entity_resolution - INFO - Creating clusters from matches...
2025-04-01 02:51:14,208 - entity_resolution - INFO - Finding connected components...
2025-04-01 02:51:14,323 - entity_resolution - INFO - Found 184 initial clusters
2025-04-01 02:51:14,323 - entity_resolution - INFO - Found 1 suspicious large clusters
2025-04-01 02:51:29,602 - entity_resolution - INFO - Split cluster 0 into 65 sub-clusters
2025-04-01 02:51:29,610 - entity_resolution - INFO - Final cluster count: 248
2025-04-01 02:51:29,610 - entity_resolution - INFO - Largest cluster size: 1758
2025-04-01 02:51:29,641 - entity_resolution - INFO - [Deep Learning Entity Resolution] Creating canonical records...
2025-04-01 02:51:29,641 - entity_resolution - INFO - Creating canonical records...
2025-04-01 02:51:38,378 - entity_resolution - INFO - Entity resolution completed in 182.29 seconds
2025-04-01 02:51:39,785 - entity_resolution - INFO - Results saved to results\deep_learning_entity_resolution
2025-04-01 02:51:39,785 - entity_resolution - INFO - Completed approach: Deep Learning Entity Resolution
2025-04-01 02:51:39,785 - entity_resolution - INFO - Found 248 unique entities (deduplication rate: 99.26%)
2025-04-01 02:51:39,785 - entity_resolution - INFO - Comparing approaches...
2025-04-01 02:51:39,785 - entity_resolution - INFO - Comparison saved to results\approach_comparison.csv
2025-04-01 02:51:39,833 - entity_resolution - INFO - Cluster size distribution comparison saved to results\cluster_size_distribution_comparison.csv
2025-04-01 02:51:39,833 - entity_resolution - INFO - Calculating pairwise agreement between approaches...
2025-04-01 02:51:44,712 - entity_resolution - INFO - Approach agreement matrix saved to results\approach_agreement_matrix.csv
2025-04-01 02:51:44,712 - entity_resolution - INFO - Generating comparison visualizations...
2025-04-01 02:51:47,265 - entity_resolution - INFO - Comparison visualizations saved to results\visualizations
