2025-04-01 02:25:29,144 - entity_resolution - INFO - Registered approach: ML-based Entity Resolution
2025-04-01 02:25:29,144 - entity_resolution - INFO - Registered approach: Rule-based Entity Resolution
2025-04-01 02:25:29,144 - entity_resolution - INFO - Registered approach: Graph-based Entity Resolution
2025-04-01 02:25:29,144 - entity_resolution - INFO - Registered approach: Semantic Matching Entity Resolution
2025-04-01 02:25:29,152 - entity_resolution - INFO - Registered approach: Deep Learning Entity Resolution
2025-04-01 02:25:29,152 - entity_resolution - INFO - Loading data from .\veridion_entity_resolution_challenge.snappy.parquet...
2025-04-01 02:25:29,442 - entity_resolution - INFO - Loaded 33446 records with 75 columns
2025-04-01 02:25:29,442 - entity_resolution - INFO - Using sample of 1000 records
2025-04-01 02:25:29,462 - entity_resolution - INFO - Running approach: ML-based Entity Resolution
2025-04-01 02:25:29,463 - entity_resolution - INFO - Running entity resolution with ML-based Entity Resolution...
2025-04-01 02:25:29,463 - entity_resolution - INFO - [ML-based Entity Resolution] Preprocessing data...
2025-04-01 02:25:29,529 - entity_resolution - INFO - [ML-based Entity Resolution] Training similarity model...
2025-04-01 02:25:29,795 - entity_resolution - INFO - [ML-based Entity Resolution] Generating 10000 training pairs...
2025-04-01 02:25:34,032 - entity_resolution - INFO - [ML-based Entity Resolution] Selected 10 features: name_exact, name_token_sort, name_token_set, name_partial, domain_partial, address_token_sort, address_token_set, phone_partial, same_country, business_tags_sim
2025-04-01 02:25:34,406 - entity_resolution - INFO - [ML-based Entity Resolution] Top 5 important features:
2025-04-01 02:25:34,406 - entity_resolution - INFO -   - name_token_sort: 0.1775
2025-04-01 02:25:34,406 - entity_resolution - INFO -   - name_token_set: 0.1625
2025-04-01 02:25:34,407 - entity_resolution - INFO -   - domain_exact: 0.1557
2025-04-01 02:25:34,407 - entity_resolution - INFO -   - name_partial: 0.1349
2025-04-01 02:25:34,408 - entity_resolution - INFO -   - address_token_sort: 0.1149
2025-04-01 02:25:34,423 - entity_resolution - INFO - [ML-based Entity Resolution] Validation accuracy: 0.9411
2025-04-01 02:25:34,423 - entity_resolution - INFO - [ML-based Entity Resolution] Creating blocking keys...
2025-04-01 02:25:34,487 - entity_resolution - INFO - [ML-based Entity Resolution] Created 330 blocking keys
2025-04-01 02:25:34,487 - entity_resolution - INFO -   - Average block size: 2.8
2025-04-01 02:25:34,487 - entity_resolution - INFO -   - Max block size: 36
2025-04-01 02:25:34,487 - entity_resolution - INFO -   - Total pairs to compare: 1831
2025-04-01 02:25:34,487 - entity_resolution - INFO - [ML-based Entity Resolution] Finding candidate pairs...
2025-04-01 02:25:34,487 - entity_resolution - INFO - [ML-based Entity Resolution] Potential comparisons from blocks: 1831
2025-04-01 02:25:34,487 - entity_resolution - INFO - [ML-based Entity Resolution] Found 1795 candidate pairs
2025-04-01 02:25:34,487 - entity_resolution - INFO - [ML-based Entity Resolution] Predicting matches with threshold 0.5...
2025-04-01 02:25:34,978 - entity_resolution - INFO - [ML-based Entity Resolution] Found 177 matches
2025-04-01 02:25:34,978 - entity_resolution - INFO - [ML-based Entity Resolution] Creating clusters...
2025-04-01 02:25:34,978 - entity_resolution - INFO - Creating clusters from matches...
2025-04-01 02:25:34,978 - entity_resolution - INFO - Finding connected components...
2025-04-01 02:25:34,985 - entity_resolution - INFO - Found 834 initial clusters
2025-04-01 02:25:34,985 - entity_resolution - INFO - Final cluster count: 834
2025-04-01 02:25:34,985 - entity_resolution - INFO - Largest cluster size: 9
2025-04-01 02:25:34,992 - entity_resolution - INFO - [ML-based Entity Resolution] Creating canonical records...
2025-04-01 02:25:34,993 - entity_resolution - INFO - Creating canonical records...
2025-04-01 02:25:36,462 - entity_resolution - INFO - Entity resolution completed in 7.00 seconds
2025-04-01 02:25:36,567 - entity_resolution - INFO - Results saved to results\ml-based_entity_resolution
2025-04-01 02:25:36,567 - entity_resolution - INFO - Completed approach: ML-based Entity Resolution
2025-04-01 02:25:36,567 - entity_resolution - INFO - Found 834 unique entities (deduplication rate: 16.60%)
2025-04-01 02:25:36,567 - entity_resolution - INFO - Running approach: Rule-based Entity Resolution
2025-04-01 02:25:36,567 - entity_resolution - INFO - Running entity resolution with Rule-based Entity Resolution...
2025-04-01 02:25:36,567 - entity_resolution - INFO - [Rule-based Entity Resolution] Preprocessing data...
2025-04-01 02:25:36,644 - entity_resolution - INFO - [Rule-based Entity Resolution] Generating rule-based matches...
2025-04-01 02:25:37,260 - entity_resolution - INFO - [Rule-based Entity Resolution] Found 98 matches using rules
2025-04-01 02:25:37,260 - entity_resolution - INFO - [Rule-based Entity Resolution] Creating clusters...
2025-04-01 02:25:37,260 - entity_resolution - INFO - Creating clusters from matches...
2025-04-01 02:25:37,260 - entity_resolution - INFO - Finding connected components...
2025-04-01 02:25:37,260 - entity_resolution - INFO - Found 915 initial clusters
2025-04-01 02:25:37,260 - entity_resolution - INFO - Final cluster count: 915
2025-04-01 02:25:37,267 - entity_resolution - INFO - Largest cluster size: 6
2025-04-01 02:25:37,269 - entity_resolution - INFO - [Rule-based Entity Resolution] Creating canonical records...
2025-04-01 02:25:37,269 - entity_resolution - INFO - Creating canonical records...
2025-04-01 02:25:39,555 - entity_resolution - INFO - Entity resolution completed in 2.99 seconds
2025-04-01 02:25:39,652 - entity_resolution - INFO - Results saved to results\rule-based_entity_resolution
2025-04-01 02:25:39,652 - entity_resolution - INFO - Completed approach: Rule-based Entity Resolution
2025-04-01 02:25:39,657 - entity_resolution - INFO - Found 915 unique entities (deduplication rate: 8.50%)
2025-04-01 02:25:39,657 - entity_resolution - INFO - Running approach: Graph-based Entity Resolution
2025-04-01 02:25:39,657 - entity_resolution - INFO - Running entity resolution with Graph-based Entity Resolution...
2025-04-01 02:25:39,657 - entity_resolution - INFO - [Graph-based Entity Resolution] Preprocessing data...
2025-04-01 02:25:39,732 - entity_resolution - INFO - [Graph-based Entity Resolution] Building similarity graph...
2025-04-01 02:25:39,867 - entity_resolution - INFO - [Graph-based Entity Resolution] Built graph with 1000 nodes and 92 edges
2025-04-01 02:25:39,877 - entity_resolution - INFO - [Graph-based Entity Resolution] Detecting communities...
2025-04-01 02:25:39,877 - entity_resolution - INFO - [Graph-based Entity Resolution] Found 918 connected components
2025-04-01 02:25:39,877 - entity_resolution - INFO - [Graph-based Entity Resolution] Refined 0 large components
2025-04-01 02:25:39,877 - entity_resolution - INFO - [Graph-based Entity Resolution] Final cluster count: 918
2025-04-01 02:25:39,877 - entity_resolution - INFO - [Graph-based Entity Resolution] Creating canonical records...
2025-04-01 02:25:39,877 - entity_resolution - INFO - Creating canonical records...
2025-04-01 02:25:41,428 - entity_resolution - INFO - Entity resolution completed in 1.77 seconds
2025-04-01 02:25:41,527 - entity_resolution - INFO - Results saved to results\graph-based_entity_resolution
2025-04-01 02:25:41,527 - entity_resolution - INFO - Completed approach: Graph-based Entity Resolution
2025-04-01 02:25:41,527 - entity_resolution - INFO - Found 918 unique entities (deduplication rate: 8.20%)
2025-04-01 02:25:41,527 - entity_resolution - INFO - Running approach: Semantic Matching Entity Resolution
2025-04-01 02:25:41,527 - entity_resolution - INFO - Running entity resolution with Semantic Matching Entity Resolution...
2025-04-01 02:25:41,527 - entity_resolution - INFO - [Semantic Matching Entity Resolution] Preprocessing data...
2025-04-01 02:25:41,607 - entity_resolution - INFO - [Semantic Matching Entity Resolution] Generating name embeddings...
2025-04-01 02:25:41,727 - entity_resolution - INFO - [Semantic Matching Entity Resolution] Generated TF-IDF embeddings with 432 features
2025-04-01 02:25:41,727 - entity_resolution - INFO - [Semantic Matching Entity Resolution] Generated embeddings for 974 company names
2025-04-01 02:25:41,727 - entity_resolution - INFO - [Semantic Matching Entity Resolution] Finding semantic matches...
2025-04-01 02:25:53,207 - entity_resolution - INFO - [Semantic Matching Entity Resolution] Found 78 semantic matches
2025-04-01 02:25:53,207 - entity_resolution - INFO - [Semantic Matching Entity Resolution] Creating clusters...
2025-04-01 02:25:53,207 - entity_resolution - INFO - Creating clusters from matches...
2025-04-01 02:25:53,207 - entity_resolution - INFO - Finding connected components...
2025-04-01 02:25:53,207 - entity_resolution - INFO - Found 931 initial clusters
2025-04-01 02:25:53,207 - entity_resolution - INFO - Final cluster count: 931
2025-04-01 02:25:53,207 - entity_resolution - INFO - Largest cluster size: 4
2025-04-01 02:25:53,215 - entity_resolution - INFO - [Semantic Matching Entity Resolution] Creating canonical records...
2025-04-01 02:25:53,215 - entity_resolution - INFO - Creating canonical records...
2025-04-01 02:25:54,857 - entity_resolution - INFO - Entity resolution completed in 13.33 seconds
2025-04-01 02:25:54,977 - entity_resolution - INFO - Results saved to results\semantic_matching_entity_resolution
2025-04-01 02:25:54,977 - entity_resolution - INFO - Completed approach: Semantic Matching Entity Resolution
2025-04-01 02:25:54,977 - entity_resolution - INFO - Found 931 unique entities (deduplication rate: 6.90%)
2025-04-01 02:25:54,977 - entity_resolution - INFO - Running approach: Deep Learning Entity Resolution
2025-04-01 02:25:54,986 - entity_resolution - INFO - Running entity resolution with Deep Learning Entity Resolution...
2025-04-01 02:25:54,986 - entity_resolution - INFO - [Deep Learning Entity Resolution] Preprocessing data...
2025-04-01 02:25:55,068 - entity_resolution - INFO - [Deep Learning Entity Resolution] Training neural network similarity model...
2025-04-01 02:25:55,068 - entity_resolution - INFO - [Deep Learning Entity Resolution] Generating 15000 training pairs...
2025-04-01 02:26:08,376 - entity_resolution - INFO - [Deep Learning Entity Resolution] Validation accuracy: 0.9306
2025-04-01 02:26:08,376 - entity_resolution - INFO - [Deep Learning Entity Resolution] Creating blocking keys...
2025-04-01 02:26:08,444 - entity_resolution - INFO - [Deep Learning Entity Resolution] Created 330 blocking keys
2025-04-01 02:26:08,445 - entity_resolution - INFO -   - Average block size: 2.8
2025-04-01 02:26:08,445 - entity_resolution - INFO -   - Max block size: 36
2025-04-01 02:26:08,445 - entity_resolution - INFO -   - Total pairs to compare: 1831
2025-04-01 02:26:08,447 - entity_resolution - INFO - [Deep Learning Entity Resolution] Finding candidate pairs...
2025-04-01 02:26:08,448 - entity_resolution - INFO - [Deep Learning Entity Resolution] Potential comparisons from blocks: 1831
2025-04-01 02:26:08,449 - entity_resolution - INFO - [Deep Learning Entity Resolution] Found 1795 candidate pairs
2025-04-01 02:26:08,449 - entity_resolution - INFO - [Deep Learning Entity Resolution] Predicting matches with threshold 0.5...
2025-04-01 02:26:09,197 - entity_resolution - INFO - [Deep Learning Entity Resolution] Found 110 matches using deep learning
2025-04-01 02:26:09,198 - entity_resolution - INFO - [Deep Learning Entity Resolution] Creating clusters...
2025-04-01 02:26:09,198 - entity_resolution - INFO - Creating clusters from matches...
2025-04-01 02:26:09,200 - entity_resolution - INFO - Finding connected components...
2025-04-01 02:26:09,201 - entity_resolution - INFO - Found 910 initial clusters
2025-04-01 02:26:09,202 - entity_resolution - INFO - Final cluster count: 910
2025-04-01 02:26:09,202 - entity_resolution - INFO - Largest cluster size: 13
2025-04-01 02:26:09,204 - entity_resolution - INFO - [Deep Learning Entity Resolution] Creating canonical records...
2025-04-01 02:26:09,205 - entity_resolution - INFO - Creating canonical records...
2025-04-01 02:26:10,669 - entity_resolution - INFO - Entity resolution completed in 15.68 seconds
2025-04-01 02:26:10,772 - entity_resolution - INFO - Results saved to results\deep_learning_entity_resolution
2025-04-01 02:26:10,772 - entity_resolution - INFO - Completed approach: Deep Learning Entity Resolution
2025-04-01 02:26:10,772 - entity_resolution - INFO - Found 910 unique entities (deduplication rate: 9.00%)
2025-04-01 02:26:10,772 - entity_resolution - INFO - Comparing approaches...
2025-04-01 02:26:10,777 - entity_resolution - INFO - Comparison saved to results\approach_comparison.csv
2025-04-01 02:26:10,790 - entity_resolution - INFO - Cluster size distribution comparison saved to results\cluster_size_distribution_comparison.csv
2025-04-01 02:26:10,790 - entity_resolution - INFO - Calculating pairwise agreement between approaches...
2025-04-01 02:26:15,971 - entity_resolution - INFO - Approach agreement matrix saved to results\approach_agreement_matrix.csv
2025-04-01 02:26:15,973 - entity_resolution - INFO - Generating comparison visualizations...
2025-04-01 02:26:18,162 - entity_resolution - INFO - Comparison visualizations saved to results\visualizations
