2025-04-01 15:12:22,655 - entity_resolution - INFO - Registered approach: Scalable Deterministic Feature Entity Resolution
2025-04-01 15:12:22,655 - entity_resolution - INFO - Loading data from .\veridion_entity_resolution_challenge.snappy.parquet...
2025-04-01 15:12:22,903 - entity_resolution - INFO - Loaded 33446 records with 75 columns
2025-04-01 15:12:22,903 - entity_resolution - INFO - Running approach: Scalable Deterministic Feature Entity Resolution
2025-04-01 15:12:22,903 - entity_resolution - INFO - Running entity resolution with Scalable Deterministic Feature Entity Resolution...
2025-04-01 15:12:22,946 - entity_resolution - INFO - [Scalable Deterministic Feature Entity Resolution] Preprocessing data...
2025-04-01 15:12:24,872 - entity_resolution - INFO - [Scalable Deterministic Feature Entity Resolution] Using advanced blocking for 33446 records
2025-04-01 15:12:24,872 - entity_resolution - INFO - [Scalable Deterministic Feature Entity Resolution] Finding matches using advanced blocking strategies...
2025-04-01 15:12:25,510 - entity_resolution - INFO - [Scalable Deterministic Feature Entity Resolution] Created 32284 deterministic blocks with 430,936 potential comparisons
2025-04-01 15:12:25,641 - entity_resolution - INFO - [Scalable Deterministic Feature Entity Resolution] Created 9107 name token blocks
2025-04-01 15:12:25,661 - entity_resolution - INFO - [Scalable Deterministic Feature Entity Resolution] Created 41391 blocks (avg size: 4.9) in 0.78s
2025-04-01 15:12:25,682 - entity_resolution - INFO - [Scalable Deterministic Feature Entity Resolution] Processing 15596 high-confidence blocks...
2025-04-01 15:12:42,699 - entity_resolution - INFO - [Scalable Deterministic Feature Entity Resolution] Found 165568 matches from high confidence blocks
2025-04-01 15:12:42,699 - entity_resolution - INFO - [Scalable Deterministic Feature Entity Resolution] Total matches so far: 165568
2025-04-01 15:12:42,700 - entity_resolution - INFO - [Scalable Deterministic Feature Entity Resolution] Processing 12341 medium-confidence blocks...
2025-04-01 15:13:03,702 - entity_resolution - INFO - [Scalable Deterministic Feature Entity Resolution] Found 27781 matches from medium confidence blocks
2025-04-01 15:13:03,703 - entity_resolution - INFO - [Scalable Deterministic Feature Entity Resolution] Total matches so far: 193349
2025-04-01 15:13:03,703 - entity_resolution - INFO - [Scalable Deterministic Feature Entity Resolution] Processing 9107 low-confidence blocks...
2025-04-01 15:13:28,164 - entity_resolution - INFO - [Scalable Deterministic Feature Entity Resolution] Found 168809 matches from low confidence blocks
2025-04-01 15:13:28,164 - entity_resolution - INFO - [Scalable Deterministic Feature Entity Resolution] Total matches so far: 362158
2025-04-01 15:13:28,164 - entity_resolution - INFO - [Scalable Deterministic Feature Entity Resolution] Total: 362158 matches from 1,301,407 comparisons
2025-04-01 15:13:28,164 - entity_resolution - INFO - [Scalable Deterministic Feature Entity Resolution] Efficiency: Performed 1,301,407 comparisons out of 559,300,735 possible (0.2327%)
2025-04-01 15:13:28,388 - entity_resolution - INFO - [Scalable Deterministic Feature Entity Resolution] Creating clusters...
2025-04-01 15:13:28,388 - entity_resolution - INFO - Creating clusters from matches...
2025-04-01 15:13:28,833 - entity_resolution - INFO - Finding connected components...
2025-04-01 15:13:28,924 - entity_resolution - INFO - Found 176 initial clusters
2025-04-01 15:13:28,924 - entity_resolution - INFO - Found 1 suspicious large clusters
2025-04-01 15:13:39,638 - entity_resolution - INFO - Split cluster 0 into 90 sub-clusters
2025-04-01 15:13:39,643 - entity_resolution - INFO - Final cluster count: 265
2025-04-01 15:13:39,644 - entity_resolution - INFO - Largest cluster size: 734
2025-04-01 15:13:39,670 - entity_resolution - INFO - [Scalable Deterministic Feature Entity Resolution] Creating canonical records...
2025-04-01 15:13:39,670 - entity_resolution - INFO - Creating canonical records...
2025-04-01 15:13:47,180 - entity_resolution - INFO - [Scalable Deterministic Feature Entity Resolution] Resolution completed: 362158 matches found from 1,301,407 comparisons
2025-04-01 15:13:47,180 - entity_resolution - INFO - [Scalable Deterministic Feature Entity Resolution] Comparison rate: 15449.81 comparisons/second
2025-04-01 15:13:47,180 - entity_resolution - INFO - [Scalable Deterministic Feature Entity Resolution] Deduplication rate: 99.21%
2025-04-01 15:13:47,213 - entity_resolution - INFO - Entity resolution completed in 84.27 seconds
2025-04-01 15:13:48,803 - entity_resolution - INFO - Results saved to results\scalable_deterministic_feature_entity_resolution
2025-04-01 15:13:48,803 - entity_resolution - INFO - Completed approach: Scalable Deterministic Feature Entity Resolution
2025-04-01 15:13:48,803 - entity_resolution - INFO - Found 265 unique entities (deduplication rate: 99.21%)
2025-04-01 15:13:48,803 - entity_resolution - INFO - Comparing approaches...
2025-04-01 15:13:48,807 - entity_resolution - INFO - Comparison saved to results\approach_comparison.csv
2025-04-01 15:13:48,816 - entity_resolution - INFO - Cluster size distribution comparison saved to results\cluster_size_distribution_comparison.csv
2025-04-01 15:13:48,816 - entity_resolution - INFO - At least two approaches required for pairwise agreement comparison
2025-04-01 15:13:48,817 - entity_resolution - INFO - Generating comparison visualizations...
2025-04-01 15:13:51,060 - entity_resolution - INFO - Comparison visualizations saved to results\visualizations
