2025-04-01 15:54:37,057 - entity_resolution - INFO - Registered approach: ML-based Entity Resolution
2025-04-01 15:54:37,057 - entity_resolution - INFO - Registered approach: Rule-based Entity Resolution
2025-04-01 15:54:37,057 - entity_resolution - INFO - Registered approach: Graph-based Entity Resolution
2025-04-01 15:54:37,057 - entity_resolution - INFO - Registered approach: Semantic Matching Entity Resolution
2025-04-01 15:54:37,057 - entity_resolution - INFO - Registered approach: Deep Learning Entity Resolution
2025-04-01 15:54:37,057 - entity_resolution - INFO - Registered approach: Scalable Deterministic Feature Entity Resolution
2025-04-01 15:54:37,064 - entity_resolution - INFO - Loading data from ./veridion_entity_resolution_challenge.snappy.parquet...
2025-04-01 15:54:37,296 - entity_resolution - INFO - Loaded 33446 records with 75 columns
2025-04-01 15:54:37,296 - entity_resolution - INFO - Running approach: ML-based Entity Resolution
2025-04-01 15:54:37,296 - entity_resolution - INFO - Running entity resolution with ML-based Entity Resolution...
2025-04-01 15:54:37,296 - entity_resolution - INFO - [ML-based Entity Resolution] Preprocessing data...
2025-04-01 15:54:39,227 - entity_resolution - INFO - [ML-based Entity Resolution] Training similarity model...
2025-04-01 15:54:40,734 - entity_resolution - INFO - [ML-based Entity Resolution] Generating 10000 training pairs...
2025-04-01 15:54:53,868 - entity_resolution - INFO - [ML-based Entity Resolution] Selected 10 features: name_token_sort, name_token_set, name_partial, domain_partial, address_token_sort, address_token_set, phone_partial, same_country, business_tags_sim, both_have_domain
2025-04-01 15:54:54,531 - entity_resolution - INFO - [ML-based Entity Resolution] Top 5 important features:
2025-04-01 15:54:54,531 - entity_resolution - INFO -   - name_exact: 0.1597
2025-04-01 15:54:54,533 - entity_resolution - INFO -   - name_token_sort: 0.1333
2025-04-01 15:54:54,533 - entity_resolution - INFO -   - name_token_set: 0.1299
2025-04-01 15:54:54,533 - entity_resolution - INFO -   - name_partial: 0.1237
2025-04-01 15:54:54,533 - entity_resolution - INFO -   - domain_exact: 0.1152
2025-04-01 15:54:54,558 - entity_resolution - INFO - [ML-based Entity Resolution] Validation accuracy: 0.7130
2025-04-01 15:54:54,559 - entity_resolution - INFO - [ML-based Entity Resolution] Creating blocking keys...
2025-04-01 15:54:56,213 - entity_resolution - INFO - [ML-based Entity Resolution] Created 16965 blocking keys
2025-04-01 15:54:56,213 - entity_resolution - INFO -   - Average block size: 6.1
2025-04-01 15:54:56,245 - entity_resolution - INFO -   - Max block size: 645
2025-04-01 15:54:56,248 - entity_resolution - INFO -   - Total pairs to compare: 1251059
2025-04-01 15:54:56,277 - entity_resolution - INFO - [ML-based Entity Resolution] Finding candidate pairs...
2025-04-01 15:54:56,281 - entity_resolution - INFO - [ML-based Entity Resolution] Potential comparisons from blocks: 1251059
2025-04-01 15:54:56,515 - entity_resolution - INFO - [ML-based Entity Resolution] Found 508603 candidate pairs
2025-04-01 15:54:56,515 - entity_resolution - INFO - [ML-based Entity Resolution] Predicting matches with threshold 0.5...
2025-04-01 15:57:03,834 - entity_resolution - INFO - [ML-based Entity Resolution] Found 470393 matches
2025-04-01 15:57:03,845 - entity_resolution - INFO - [ML-based Entity Resolution] Creating clusters...
2025-04-01 15:57:03,845 - entity_resolution - INFO - Creating clusters from matches...
2025-04-01 15:57:04,653 - entity_resolution - INFO - Finding connected components...
2025-04-01 15:57:04,744 - entity_resolution - INFO - Found 329 initial clusters
2025-04-01 15:57:04,744 - entity_resolution - INFO - Found 1 suspicious large clusters
2025-04-01 15:57:18,351 - entity_resolution - INFO - Split cluster 0 into 71 sub-clusters
2025-04-01 15:57:18,361 - entity_resolution - INFO - Final cluster count: 399
2025-04-01 15:57:18,361 - entity_resolution - INFO - Largest cluster size: 2684
2025-04-01 15:57:18,391 - entity_resolution - INFO - [ML-based Entity Resolution] Creating canonical records...
2025-04-01 15:57:18,391 - entity_resolution - INFO - Creating canonical records...
2025-04-01 15:57:26,466 - entity_resolution - INFO - Entity resolution completed in 169.17 seconds
2025-04-01 15:57:27,947 - entity_resolution - INFO - Results saved to results\ml-based_entity_resolution
2025-04-01 15:57:27,947 - entity_resolution - INFO - Completed approach: ML-based Entity Resolution
2025-04-01 15:57:27,947 - entity_resolution - INFO - Found 399 unique entities (deduplication rate: 98.81%)
2025-04-01 15:57:27,947 - entity_resolution - INFO - Running approach: Rule-based Entity Resolution
2025-04-01 15:57:27,947 - entity_resolution - INFO - Running entity resolution with Rule-based Entity Resolution...
2025-04-01 15:57:27,947 - entity_resolution - INFO - [Rule-based Entity Resolution] Preprocessing data...
2025-04-01 15:57:29,818 - entity_resolution - INFO - [Rule-based Entity Resolution] Generating rule-based matches...
2025-04-01 16:00:49,043 - entity_resolution - INFO - [Rule-based Entity Resolution] Found 64170 matches using rules
2025-04-01 16:00:49,049 - entity_resolution - INFO - [Rule-based Entity Resolution] Creating clusters...
2025-04-01 16:00:49,049 - entity_resolution - INFO - Creating clusters from matches...
2025-04-01 16:00:49,153 - entity_resolution - INFO - Finding connected components...
2025-04-01 16:00:49,204 - entity_resolution - INFO - Found 8614 initial clusters
2025-04-01 16:00:49,204 - entity_resolution - INFO - Found 1 suspicious large clusters
2025-04-01 16:00:52,024 - entity_resolution - INFO - Split cluster 0 into 129 sub-clusters
2025-04-01 16:00:52,029 - entity_resolution - INFO - Final cluster count: 8742
2025-04-01 16:00:52,039 - entity_resolution - INFO - Largest cluster size: 343
2025-04-01 16:00:52,061 - entity_resolution - INFO - [Rule-based Entity Resolution] Creating canonical records...
2025-04-01 16:00:52,061 - entity_resolution - INFO - Creating canonical records...
2025-04-01 16:01:10,558 - entity_resolution - INFO - Entity resolution completed in 222.61 seconds
2025-04-01 16:01:12,378 - entity_resolution - INFO - Results saved to results\rule-based_entity_resolution
2025-04-01 16:01:12,380 - entity_resolution - INFO - Completed approach: Rule-based Entity Resolution
2025-04-01 16:01:12,380 - entity_resolution - INFO - Found 8742 unique entities (deduplication rate: 73.86%)
2025-04-01 16:01:12,380 - entity_resolution - INFO - Running approach: Graph-based Entity Resolution
2025-04-01 16:01:12,380 - entity_resolution - INFO - Running entity resolution with Graph-based Entity Resolution...
2025-04-01 16:01:12,380 - entity_resolution - INFO - [Graph-based Entity Resolution] Preprocessing data...
2025-04-01 16:01:14,227 - entity_resolution - INFO - [Graph-based Entity Resolution] Building similarity graph...
2025-04-01 16:02:10,266 - entity_resolution - INFO - [Graph-based Entity Resolution] Built graph with 33446 nodes and 70869 edges
2025-04-01 16:02:10,300 - entity_resolution - INFO - [Graph-based Entity Resolution] Detecting communities...
2025-04-01 16:02:10,348 - entity_resolution - INFO - [Graph-based Entity Resolution] Found 7094 connected components
2025-04-01 16:02:13,273 - entity_resolution - INFO - [Graph-based Entity Resolution] Split component with 23018 nodes into 147 communities
2025-04-01 16:02:13,274 - entity_resolution - INFO - [Graph-based Entity Resolution] Refined 1 large components
2025-04-01 16:02:13,275 - entity_resolution - INFO - [Graph-based Entity Resolution] Final cluster count: 7240
2025-04-01 16:02:13,312 - entity_resolution - INFO - [Graph-based Entity Resolution] Creating canonical records...
2025-04-01 16:02:13,312 - entity_resolution - INFO - Creating canonical records...
2025-04-01 16:02:31,293 - entity_resolution - INFO - Entity resolution completed in 78.91 seconds
2025-04-01 16:02:33,181 - entity_resolution - INFO - Results saved to results\graph-based_entity_resolution
2025-04-01 16:02:33,181 - entity_resolution - INFO - Completed approach: Graph-based Entity Resolution
2025-04-01 16:02:33,183 - entity_resolution - INFO - Found 7240 unique entities (deduplication rate: 78.35%)
2025-04-01 16:02:33,183 - entity_resolution - INFO - Running approach: Semantic Matching Entity Resolution
2025-04-01 16:02:33,183 - entity_resolution - INFO - Running entity resolution with Semantic Matching Entity Resolution...
2025-04-01 16:02:33,183 - entity_resolution - INFO - [Semantic Matching Entity Resolution] Preprocessing data...
2025-04-01 16:02:35,256 - entity_resolution - INFO - [Semantic Matching Entity Resolution] Generating name embeddings...
2025-04-01 16:02:39,120 - entity_resolution - INFO - [Semantic Matching Entity Resolution] Generated TF-IDF embeddings with 19304 features
2025-04-01 16:02:39,120 - entity_resolution - INFO - [Semantic Matching Entity Resolution] Generated embeddings for 32617 company names
2025-04-01 16:02:39,130 - entity_resolution - INFO - [Semantic Matching Entity Resolution] Finding semantic matches...
2025-04-01 16:12:33,177 - entity_resolution - INFO - [Semantic Matching Entity Resolution] Found 7361 semantic matches
2025-04-01 16:12:33,180 - entity_resolution - INFO - [Semantic Matching Entity Resolution] Creating clusters...
2025-04-01 16:12:33,180 - entity_resolution - INFO - Creating clusters from matches...
2025-04-01 16:12:33,207 - entity_resolution - INFO - Finding connected components...
2025-04-01 16:12:33,437 - entity_resolution - INFO - Found 31039 initial clusters
2025-04-01 16:12:33,449 - entity_resolution - INFO - Final cluster count: 31039
2025-04-01 16:12:33,452 - entity_resolution - INFO - Largest cluster size: 33
2025-04-01 16:12:33,487 - entity_resolution - INFO - [Semantic Matching Entity Resolution] Creating canonical records...
2025-04-01 16:12:33,488 - entity_resolution - INFO - Creating canonical records...
2025-04-01 16:13:22,742 - entity_resolution - INFO - Entity resolution completed in 649.56 seconds
2025-04-01 16:13:25,862 - entity_resolution - INFO - Results saved to results\semantic_matching_entity_resolution
2025-04-01 16:13:25,863 - entity_resolution - INFO - Completed approach: Semantic Matching Entity Resolution
2025-04-01 16:13:25,864 - entity_resolution - INFO - Found 31039 unique entities (deduplication rate: 7.20%)
2025-04-01 16:13:25,865 - entity_resolution - INFO - Running approach: Deep Learning Entity Resolution
2025-04-01 16:13:25,866 - entity_resolution - INFO - Running entity resolution with Deep Learning Entity Resolution...
2025-04-01 16:13:25,866 - entity_resolution - INFO - [Deep Learning Entity Resolution] Preprocessing data...
2025-04-01 16:13:28,042 - entity_resolution - INFO - [Deep Learning Entity Resolution] Training neural network similarity model...
2025-04-01 16:13:28,042 - entity_resolution - INFO - [Deep Learning Entity Resolution] Generating 15000 training pairs...
2025-04-01 16:13:50,155 - entity_resolution - INFO - [Deep Learning Entity Resolution] Validation accuracy: 0.9407
2025-04-01 16:13:50,156 - entity_resolution - INFO - [Deep Learning Entity Resolution] Creating blocking keys...
2025-04-01 16:13:51,946 - entity_resolution - INFO - [Deep Learning Entity Resolution] Created 16965 blocking keys
2025-04-01 16:13:51,949 - entity_resolution - INFO -   - Average block size: 6.1
2025-04-01 16:13:51,950 - entity_resolution - INFO -   - Max block size: 645
2025-04-01 16:13:51,953 - entity_resolution - INFO -   - Total pairs to compare: 1251059
2025-04-01 16:13:51,986 - entity_resolution - INFO - [Deep Learning Entity Resolution] Finding candidate pairs...
2025-04-01 16:13:51,994 - entity_resolution - INFO - [Deep Learning Entity Resolution] Potential comparisons from blocks: 1251059
2025-04-01 16:13:52,262 - entity_resolution - INFO - [Deep Learning Entity Resolution] Found 508603 candidate pairs
2025-04-01 16:13:52,263 - entity_resolution - INFO - [Deep Learning Entity Resolution] Predicting matches with threshold 0.5...
2025-04-01 16:16:06,180 - entity_resolution - INFO - [Deep Learning Entity Resolution] Found 508603 matches using deep learning
2025-04-01 16:16:06,190 - entity_resolution - INFO - [Deep Learning Entity Resolution] Creating clusters...
2025-04-01 16:16:06,190 - entity_resolution - INFO - Creating clusters from matches...
2025-04-01 16:16:07,143 - entity_resolution - INFO - Finding connected components...
2025-04-01 16:16:07,243 - entity_resolution - INFO - Found 184 initial clusters
2025-04-01 16:16:07,243 - entity_resolution - INFO - Found 1 suspicious large clusters
2025-04-01 16:16:25,207 - entity_resolution - INFO - Split cluster 0 into 67 sub-clusters
2025-04-01 16:16:25,215 - entity_resolution - INFO - Final cluster count: 250
2025-04-01 16:16:25,215 - entity_resolution - INFO - Largest cluster size: 1856
2025-04-01 16:16:25,246 - entity_resolution - INFO - [Deep Learning Entity Resolution] Creating canonical records...
2025-04-01 16:16:25,247 - entity_resolution - INFO - Creating canonical records...
2025-04-01 16:16:34,361 - entity_resolution - INFO - Entity resolution completed in 188.49 seconds
2025-04-01 16:16:36,063 - entity_resolution - INFO - Results saved to results\deep_learning_entity_resolution
2025-04-01 16:16:36,064 - entity_resolution - INFO - Completed approach: Deep Learning Entity Resolution
2025-04-01 16:16:36,064 - entity_resolution - INFO - Found 250 unique entities (deduplication rate: 99.25%)
2025-04-01 16:16:36,065 - entity_resolution - INFO - Running approach: Scalable Deterministic Feature Entity Resolution
2025-04-01 16:16:36,065 - entity_resolution - INFO - Running entity resolution with Scalable Deterministic Feature Entity Resolution...
2025-04-01 16:16:36,065 - entity_resolution - INFO - [Scalable Deterministic Feature Entity Resolution] Preprocessing data...
2025-04-01 16:16:38,180 - entity_resolution - INFO - [Scalable Deterministic Feature Entity Resolution] Using high-precision deterministic matching
2025-04-01 16:16:38,181 - entity_resolution - INFO - [Scalable Deterministic Feature Entity Resolution] Running high-precision deterministic matching
2025-04-01 16:16:39,947 - entity_resolution - INFO - [Scalable Deterministic Feature Entity Resolution] Found 1 potential matches from domain exact matches
2025-04-01 16:16:39,961 - entity_resolution - INFO - [Scalable Deterministic Feature Entity Resolution] Found 1 potential matches from phone exact matches
2025-04-01 16:16:39,964 - entity_resolution - INFO - [Scalable Deterministic Feature Entity Resolution] Found 1 potential matches from email exact matches
2025-04-01 16:16:39,980 - entity_resolution - INFO - [Scalable Deterministic Feature Entity Resolution] Found 1 potential matches from name_and_location exact matches
2025-04-01 16:16:39,995 - entity_resolution - INFO - [Scalable Deterministic Feature Entity Resolution] Found 1 potential matches from social_media exact matches
2025-04-01 16:16:39,996 - entity_resolution - INFO - [Scalable Deterministic Feature Entity Resolution] Validating 184241 potential matches
2025-04-01 16:17:19,641 - entity_resolution - INFO - [Scalable Deterministic Feature Entity Resolution] Found 173830 valid matches from 184241 comparisons
2025-04-01 16:17:19,668 - entity_resolution - INFO - [Scalable Deterministic Feature Entity Resolution] Found 173830 high-precision matches
2025-04-01 16:17:19,669 - entity_resolution - INFO - [Scalable Deterministic Feature Entity Resolution] Creating clusters...
2025-04-01 16:17:19,669 - entity_resolution - INFO - Creating clusters from matches...
2025-04-01 16:17:20,909 - entity_resolution - INFO - Finding connected components...
2025-04-01 16:17:20,965 - entity_resolution - INFO - Found 6078 initial clusters
2025-04-01 16:17:20,966 - entity_resolution - INFO - Found 4 suspicious large clusters
2025-04-01 16:17:20,984 - entity_resolution - INFO - Split cluster 235 into 13 sub-clusters
2025-04-01 16:17:20,988 - entity_resolution - INFO - Split cluster 282 into 8 sub-clusters
2025-04-01 16:17:20,992 - entity_resolution - INFO - Split cluster 380 into 9 sub-clusters
2025-04-01 16:17:21,025 - entity_resolution - INFO - Final cluster count: 6105
2025-04-01 16:17:21,027 - entity_resolution - INFO - Largest cluster size: 56
2025-04-01 16:17:21,065 - entity_resolution - INFO - [Scalable Deterministic Feature Entity Resolution] Creating canonical records...
2025-04-01 16:17:21,065 - entity_resolution - INFO - Creating canonical records...
2025-04-01 16:17:38,150 - entity_resolution - INFO - [Scalable Deterministic Feature Entity Resolution] Resolution completed: 173830 matches found from 184,241 comparisons
2025-04-01 16:17:38,151 - entity_resolution - INFO - [Scalable Deterministic Feature Entity Resolution] Comparison rate: 2967.55 comparisons/second
2025-04-01 16:17:38,151 - entity_resolution - INFO - [Scalable Deterministic Feature Entity Resolution] Deduplication rate: 81.75%
2025-04-01 16:17:38,169 - entity_resolution - INFO - Entity resolution completed in 62.10 seconds
2025-04-01 16:17:40,190 - entity_resolution - INFO - Results saved to results\scalable_deterministic_feature_entity_resolution
2025-04-01 16:17:40,191 - entity_resolution - INFO - Completed approach: Scalable Deterministic Feature Entity Resolution
2025-04-01 16:17:40,191 - entity_resolution - INFO - Found 6105 unique entities (deduplication rate: 81.75%)
2025-04-01 16:17:40,191 - entity_resolution - INFO - Comparing approaches...
2025-04-01 16:17:40,194 - entity_resolution - INFO - Comparison saved to results\approach_comparison.csv
2025-04-01 16:17:40,241 - entity_resolution - INFO - Cluster size distribution comparison saved to results\cluster_size_distribution_comparison.csv
2025-04-01 16:17:40,241 - entity_resolution - INFO - Calculating pairwise agreement between approaches...
2025-04-01 16:17:48,031 - entity_resolution - INFO - Approach agreement matrix saved to results\approach_agreement_matrix.csv
2025-04-01 16:17:48,031 - entity_resolution - INFO - Generating comparison visualizations...
2025-04-01 16:17:50,286 - entity_resolution - INFO - Comparison visualizations saved to results\visualizations
