2025-04-01 15:41:32,708 - entity_resolution - INFO - Registered approach: Scalable Deterministic Feature Entity Resolution
2025-04-01 15:41:32,708 - entity_resolution - INFO - Loading data from ./veridion_entity_resolution_challenge.snappy.parquet...
2025-04-01 15:41:32,966 - entity_resolution - INFO - Loaded 33446 records with 75 columns
2025-04-01 15:41:32,966 - entity_resolution - INFO - Running approach: Scalable Deterministic Feature Entity Resolution
2025-04-01 15:41:32,967 - entity_resolution - INFO - Running entity resolution with Scalable Deterministic Feature Entity Resolution...
2025-04-01 15:41:32,967 - entity_resolution - INFO - [Scalable Deterministic Feature Entity Resolution] Preprocessing data...
2025-04-01 15:41:34,850 - entity_resolution - INFO - [Scalable Deterministic Feature Entity Resolution] Using advanced blocking for 33446 records
2025-04-01 15:41:34,850 - entity_resolution - INFO - [Scalable Deterministic Feature Entity Resolution] Finding matches using advanced blocking strategies...
2025-04-01 15:41:35,633 - entity_resolution - INFO - [Scalable Deterministic Feature Entity Resolution] Created 32284 deterministic blocks with 430,936 potential comparisons
2025-04-01 15:41:35,673 - entity_resolution - INFO - [Scalable Deterministic Feature Entity Resolution] Created 32284 deterministic blocks
2025-04-01 15:41:35,781 - entity_resolution - INFO - [Scalable Deterministic Feature Entity Resolution] Created 9107 name token blocks
2025-04-01 15:41:35,781 - entity_resolution - INFO - [Scalable Deterministic Feature Entity Resolution] Created 9107 name token blocks
2025-04-01 15:41:38,546 - entity_resolution - INFO - [Scalable Deterministic Feature Entity Resolution] Created 8036 special feature blocks
2025-04-01 15:41:38,557 - entity_resolution - INFO - [Scalable Deterministic Feature Entity Resolution] Created 8036 special feature blocks
2025-04-01 15:41:38,567 - entity_resolution - INFO - [Scalable Deterministic Feature Entity Resolution] Created 49427 blocks (avg size: 4.7) in 3.72s
2025-04-01 15:41:38,603 - entity_resolution - INFO - [Scalable Deterministic Feature Entity Resolution] Processing 23632 high-confidence blocks...
2025-04-01 15:41:56,364 - entity_resolution - INFO - [Scalable Deterministic Feature Entity Resolution] Found 199311 matches from high confidence blocks
2025-04-01 15:41:56,364 - entity_resolution - INFO - [Scalable Deterministic Feature Entity Resolution] Total matches so far: 199311
2025-04-01 15:41:56,364 - entity_resolution - INFO - [Scalable Deterministic Feature Entity Resolution] Processing 12341 medium-confidence blocks...
2025-04-01 15:42:17,508 - entity_resolution - INFO - [Scalable Deterministic Feature Entity Resolution] Found 21173 matches from medium confidence blocks
2025-04-01 15:42:17,508 - entity_resolution - INFO - [Scalable Deterministic Feature Entity Resolution] Total matches so far: 220484
2025-04-01 15:42:17,508 - entity_resolution - INFO - [Scalable Deterministic Feature Entity Resolution] Processing 9107 low-confidence blocks...
2025-04-01 15:42:43,220 - entity_resolution - INFO - [Scalable Deterministic Feature Entity Resolution] Found 77727 matches from low confidence blocks
2025-04-01 15:42:43,220 - entity_resolution - INFO - [Scalable Deterministic Feature Entity Resolution] Total matches so far: 298211
2025-04-01 15:42:43,220 - entity_resolution - INFO - [Scalable Deterministic Feature Entity Resolution] Total: 298211 matches from 1,266,087 comparisons
2025-04-01 15:42:43,220 - entity_resolution - INFO - [Scalable Deterministic Feature Entity Resolution] Efficiency: Performed 1,266,087 comparisons out of 559,300,735 possible (0.2264%)
2025-04-01 15:42:43,457 - entity_resolution - INFO - [Scalable Deterministic Feature Entity Resolution] Creating clusters...
2025-04-01 15:42:43,457 - entity_resolution - INFO - Creating clusters from matches...
2025-04-01 15:42:43,977 - entity_resolution - INFO - Finding connected components...
2025-04-01 15:42:44,071 - entity_resolution - INFO - Found 199 initial clusters
2025-04-01 15:42:44,071 - entity_resolution - INFO - Found 1 suspicious large clusters
2025-04-01 15:42:54,022 - entity_resolution - INFO - Split cluster 0 into 95 sub-clusters
2025-04-01 15:42:54,033 - entity_resolution - INFO - Final cluster count: 293
2025-04-01 15:42:54,033 - entity_resolution - INFO - Largest cluster size: 657
2025-04-01 15:42:54,062 - entity_resolution - INFO - [Scalable Deterministic Feature Entity Resolution] Creating canonical records...
2025-04-01 15:42:54,062 - entity_resolution - INFO - Creating canonical records...
2025-04-01 15:43:02,131 - entity_resolution - WARNING - [Scalable Deterministic Feature Entity Resolution] SAFETY CHECK FAILED: Deduplication rate 99.12% exceeds maximum 40.00%
2025-04-01 15:43:02,131 - entity_resolution - WARNING - [Scalable Deterministic Feature Entity Resolution] This suggests a problem with the matching algorithm or parameters
2025-04-01 15:43:02,141 - entity_resolution - WARNING - [Scalable Deterministic Feature Entity Resolution] Falling back to a more conservative approach...
2025-04-01 15:43:02,141 - entity_resolution - INFO - [Scalable Deterministic Feature Entity Resolution] Rerunning with stricter match threshold: 0.80
2025-04-01 15:43:02,141 - entity_resolution - INFO - [Scalable Deterministic Feature Entity Resolution (Conservative Fallback)] Preprocessing data...
2025-04-01 15:43:04,055 - entity_resolution - INFO - [Scalable Deterministic Feature Entity Resolution (Conservative Fallback)] Using advanced blocking for 33446 records
2025-04-01 15:43:04,055 - entity_resolution - INFO - [Scalable Deterministic Feature Entity Resolution (Conservative Fallback)] Finding matches using advanced blocking strategies...
2025-04-01 15:43:04,706 - entity_resolution - INFO - [Scalable Deterministic Feature Entity Resolution (Conservative Fallback)] Created 32284 deterministic blocks with 430,936 potential comparisons
2025-04-01 15:43:04,744 - entity_resolution - INFO - [Scalable Deterministic Feature Entity Resolution (Conservative Fallback)] Created 32284 deterministic blocks
2025-04-01 15:43:04,840 - entity_resolution - INFO - [Scalable Deterministic Feature Entity Resolution (Conservative Fallback)] Created 9107 name token blocks
2025-04-01 15:43:04,850 - entity_resolution - INFO - [Scalable Deterministic Feature Entity Resolution (Conservative Fallback)] Created 9107 name token blocks
2025-04-01 15:43:07,638 - entity_resolution - INFO - [Scalable Deterministic Feature Entity Resolution (Conservative Fallback)] Created 8036 special feature blocks
2025-04-01 15:43:07,650 - entity_resolution - INFO - [Scalable Deterministic Feature Entity Resolution (Conservative Fallback)] Created 8036 special feature blocks
2025-04-01 15:43:07,665 - entity_resolution - INFO - [Scalable Deterministic Feature Entity Resolution (Conservative Fallback)] Created 49427 blocks (avg size: 4.7) in 3.61s
2025-04-01 15:43:07,693 - entity_resolution - INFO - [Scalable Deterministic Feature Entity Resolution (Conservative Fallback)] Processing 23632 high-confidence blocks...
2025-04-01 15:43:25,722 - entity_resolution - INFO - [Scalable Deterministic Feature Entity Resolution (Conservative Fallback)] Found 125960 matches from high confidence blocks
2025-04-01 15:43:25,722 - entity_resolution - INFO - [Scalable Deterministic Feature Entity Resolution (Conservative Fallback)] Total matches so far: 125960
2025-04-01 15:43:25,722 - entity_resolution - INFO - [Scalable Deterministic Feature Entity Resolution (Conservative Fallback)] Processing 12341 medium-confidence blocks...
2025-04-01 15:43:48,029 - entity_resolution - INFO - [Scalable Deterministic Feature Entity Resolution (Conservative Fallback)] Found 162 matches from medium confidence blocks
2025-04-01 15:43:48,030 - entity_resolution - INFO - [Scalable Deterministic Feature Entity Resolution (Conservative Fallback)] Total matches so far: 126122
2025-04-01 15:43:48,030 - entity_resolution - INFO - [Scalable Deterministic Feature Entity Resolution (Conservative Fallback)] Processing 9107 low-confidence blocks...
2025-04-01 15:44:14,761 - entity_resolution - INFO - [Scalable Deterministic Feature Entity Resolution (Conservative Fallback)] Found 49 matches from low confidence blocks
2025-04-01 15:44:14,761 - entity_resolution - INFO - [Scalable Deterministic Feature Entity Resolution (Conservative Fallback)] Total matches so far: 126171
2025-04-01 15:44:14,761 - entity_resolution - INFO - [Scalable Deterministic Feature Entity Resolution (Conservative Fallback)] Total: 126171 matches from 1,266,087 comparisons
2025-04-01 15:44:14,761 - entity_resolution - INFO - [Scalable Deterministic Feature Entity Resolution (Conservative Fallback)] Efficiency: Performed 1,266,087 comparisons out of 559,300,735 possible (0.2264%)
2025-04-01 15:44:14,997 - entity_resolution - INFO - [Scalable Deterministic Feature Entity Resolution (Conservative Fallback)] Creating clusters...
2025-04-01 15:44:14,997 - entity_resolution - INFO - Creating clusters from matches...
2025-04-01 15:44:15,179 - entity_resolution - INFO - Finding connected components...
2025-04-01 15:44:15,242 - entity_resolution - INFO - Found 1251 initial clusters
2025-04-01 15:44:15,242 - entity_resolution - INFO - Found 1 suspicious large clusters
2025-04-01 15:44:20,568 - entity_resolution - INFO - Split cluster 0 into 109 sub-clusters
2025-04-01 15:44:20,576 - entity_resolution - INFO - Final cluster count: 1359
2025-04-01 15:44:20,576 - entity_resolution - INFO - Largest cluster size: 594
2025-04-01 15:44:20,607 - entity_resolution - INFO - [Scalable Deterministic Feature Entity Resolution (Conservative Fallback)] Creating canonical records...
2025-04-01 15:44:20,607 - entity_resolution - INFO - Creating canonical records...
2025-04-01 15:44:29,674 - entity_resolution - WARNING - [Scalable Deterministic Feature Entity Resolution (Conservative Fallback)] SAFETY CHECK FAILED: Deduplication rate 95.94% exceeds maximum 30.00%
2025-04-01 15:44:29,674 - entity_resolution - WARNING - [Scalable Deterministic Feature Entity Resolution (Conservative Fallback)] This suggests a problem with the matching algorithm or parameters
2025-04-01 15:44:29,674 - entity_resolution - WARNING - [Scalable Deterministic Feature Entity Resolution (Conservative Fallback)] Falling back to a more conservative approach...
2025-04-01 15:44:29,674 - entity_resolution - INFO - [Scalable Deterministic Feature Entity Resolution (Conservative Fallback)] Rerunning with stricter match threshold: 0.95
2025-04-01 15:44:29,676 - entity_resolution - INFO - [Scalable Deterministic Feature Entity Resolution (Conservative Fallback) (Conservative Fallback)] Preprocessing data...
2025-04-01 15:44:31,602 - entity_resolution - INFO - [Scalable Deterministic Feature Entity Resolution (Conservative Fallback) (Conservative Fallback)] Using advanced blocking for 33446 records
2025-04-01 15:44:31,604 - entity_resolution - INFO - [Scalable Deterministic Feature Entity Resolution (Conservative Fallback) (Conservative Fallback)] Finding matches using advanced blocking strategies...
2025-04-01 15:44:32,548 - entity_resolution - INFO - [Scalable Deterministic Feature Entity Resolution (Conservative Fallback) (Conservative Fallback)] Created 32284 deterministic blocks with 430,936 potential comparisons
2025-04-01 15:44:32,596 - entity_resolution - INFO - [Scalable Deterministic Feature Entity Resolution (Conservative Fallback) (Conservative Fallback)] Created 32284 deterministic blocks
2025-04-01 15:44:32,691 - entity_resolution - INFO - [Scalable Deterministic Feature Entity Resolution (Conservative Fallback) (Conservative Fallback)] Created 9107 name token blocks
2025-04-01 15:44:32,699 - entity_resolution - INFO - [Scalable Deterministic Feature Entity Resolution (Conservative Fallback) (Conservative Fallback)] Created 9107 name token blocks
2025-04-01 15:44:35,400 - entity_resolution - INFO - [Scalable Deterministic Feature Entity Resolution (Conservative Fallback) (Conservative Fallback)] Created 8036 special feature blocks
2025-04-01 15:44:35,410 - entity_resolution - INFO - [Scalable Deterministic Feature Entity Resolution (Conservative Fallback) (Conservative Fallback)] Created 8036 special feature blocks
2025-04-01 15:44:35,430 - entity_resolution - INFO - [Scalable Deterministic Feature Entity Resolution (Conservative Fallback) (Conservative Fallback)] Created 49427 blocks (avg size: 4.7) in 3.82s
2025-04-01 15:44:35,458 - entity_resolution - INFO - [Scalable Deterministic Feature Entity Resolution (Conservative Fallback) (Conservative Fallback)] Processing 23632 high-confidence blocks...
2025-04-01 15:44:53,242 - entity_resolution - INFO - [Scalable Deterministic Feature Entity Resolution (Conservative Fallback) (Conservative Fallback)] Found 0 matches from high confidence blocks
2025-04-01 15:44:53,242 - entity_resolution - INFO - [Scalable Deterministic Feature Entity Resolution (Conservative Fallback) (Conservative Fallback)] Total matches so far: 0
2025-04-01 15:44:53,242 - entity_resolution - INFO - [Scalable Deterministic Feature Entity Resolution (Conservative Fallback) (Conservative Fallback)] Processing 12341 medium-confidence blocks...
2025-04-01 15:45:13,924 - entity_resolution - INFO - [Scalable Deterministic Feature Entity Resolution (Conservative Fallback) (Conservative Fallback)] Found 0 matches from medium confidence blocks
2025-04-01 15:45:13,924 - entity_resolution - INFO - [Scalable Deterministic Feature Entity Resolution (Conservative Fallback) (Conservative Fallback)] Total matches so far: 0
2025-04-01 15:45:13,924 - entity_resolution - INFO - [Scalable Deterministic Feature Entity Resolution (Conservative Fallback) (Conservative Fallback)] Processing 9107 low-confidence blocks...
2025-04-01 15:45:38,787 - entity_resolution - INFO - [Scalable Deterministic Feature Entity Resolution (Conservative Fallback) (Conservative Fallback)] Found 0 matches from low confidence blocks
2025-04-01 15:45:38,787 - entity_resolution - INFO - [Scalable Deterministic Feature Entity Resolution (Conservative Fallback) (Conservative Fallback)] Total matches so far: 0
2025-04-01 15:45:38,787 - entity_resolution - INFO - [Scalable Deterministic Feature Entity Resolution (Conservative Fallback) (Conservative Fallback)] Total: 0 matches from 1,266,087 comparisons
2025-04-01 15:45:38,795 - entity_resolution - INFO - [Scalable Deterministic Feature Entity Resolution (Conservative Fallback) (Conservative Fallback)] Efficiency: Performed 1,266,087 comparisons out of 559,300,735 possible (0.2264%)
2025-04-01 15:45:39,024 - entity_resolution - INFO - [Scalable Deterministic Feature Entity Resolution (Conservative Fallback) (Conservative Fallback)] Creating clusters...
2025-04-01 15:45:39,024 - entity_resolution - INFO - Creating clusters from matches...
2025-04-01 15:45:39,048 - entity_resolution - INFO - Finding connected components...
2025-04-01 15:45:39,197 - entity_resolution - INFO - Found 33446 initial clusters
2025-04-01 15:45:39,208 - entity_resolution - INFO - Final cluster count: 33446
2025-04-01 15:45:39,218 - entity_resolution - INFO - Largest cluster size: 1
2025-04-01 15:45:39,251 - entity_resolution - INFO - [Scalable Deterministic Feature Entity Resolution (Conservative Fallback) (Conservative Fallback)] Creating canonical records...
2025-04-01 15:45:39,251 - entity_resolution - INFO - Creating canonical records...
2025-04-01 15:46:25,997 - entity_resolution - INFO - [Scalable Deterministic Feature Entity Resolution (Conservative Fallback) (Conservative Fallback)] Resolution completed: 0 matches found from 1,266,087 comparisons
2025-04-01 15:46:25,997 - entity_resolution - INFO - [Scalable Deterministic Feature Entity Resolution (Conservative Fallback) (Conservative Fallback)] Comparison rate: 10884.45 comparisons/second
2025-04-01 15:46:25,997 - entity_resolution - INFO - [Scalable Deterministic Feature Entity Resolution (Conservative Fallback) (Conservative Fallback)] Deduplication rate: 0.00%
2025-04-01 15:46:26,083 - entity_resolution - INFO - Entity resolution completed in 293.12 seconds
2025-04-01 15:46:28,948 - entity_resolution - INFO - Results saved to results\scalable_deterministic_feature_entity_resolution
2025-04-01 15:46:28,948 - entity_resolution - INFO - Completed approach: Scalable Deterministic Feature Entity Resolution
2025-04-01 15:46:28,956 - entity_resolution - INFO - Found 33446 unique entities (deduplication rate: 0.00%)
2025-04-01 15:46:28,956 - entity_resolution - INFO - Comparing approaches...
2025-04-01 15:46:28,956 - entity_resolution - INFO - Comparison saved to results\approach_comparison.csv
2025-04-01 15:46:28,974 - entity_resolution - INFO - Cluster size distribution comparison saved to results\cluster_size_distribution_comparison.csv
2025-04-01 15:46:28,974 - entity_resolution - INFO - At least two approaches required for pairwise agreement comparison
2025-04-01 15:46:28,974 - entity_resolution - INFO - Generating comparison visualizations...
2025-04-01 15:46:30,453 - entity_resolution - INFO - Comparison visualizations saved to results\visualizations
