2025-04-01 15:28:55,357 - entity_resolution - INFO - Registered approach: Scalable Deterministic Feature Entity Resolution
2025-04-01 15:28:55,357 - entity_resolution - INFO - Loading data from ./veridion_entity_resolution_challenge.snappy.parquet...
2025-04-01 15:28:55,614 - entity_resolution - INFO - Loaded 33446 records with 75 columns
2025-04-01 15:28:55,614 - entity_resolution - INFO - Running approach: Scalable Deterministic Feature Entity Resolution
2025-04-01 15:28:55,614 - entity_resolution - INFO - Running entity resolution with Scalable Deterministic Feature Entity Resolution...
2025-04-01 15:28:55,614 - entity_resolution - INFO - [Scalable Deterministic Feature Entity Resolution] Preprocessing data...
2025-04-01 15:28:57,674 - entity_resolution - INFO - [Scalable Deterministic Feature Entity Resolution] Using advanced blocking for 33446 records
2025-04-01 15:28:57,675 - entity_resolution - INFO - [Scalable Deterministic Feature Entity Resolution] Finding matches using advanced blocking strategies...
2025-04-01 15:28:58,451 - entity_resolution - INFO - [Scalable Deterministic Feature Entity Resolution] Created 32284 deterministic blocks with 430,936 potential comparisons
2025-04-01 15:28:58,590 - entity_resolution - INFO - [Scalable Deterministic Feature Entity Resolution] Created 9107 name token blocks
2025-04-01 15:28:58,611 - entity_resolution - INFO - [Scalable Deterministic Feature Entity Resolution] Created 41391 blocks (avg size: 4.9) in 0.93s
2025-04-01 15:28:58,638 - entity_resolution - INFO - [Scalable Deterministic Feature Entity Resolution] Processing 15596 high-confidence blocks...
2025-04-01 15:29:16,098 - entity_resolution - INFO - [Scalable Deterministic Feature Entity Resolution] Found 148128 matches from high confidence blocks
2025-04-01 15:29:16,098 - entity_resolution - INFO - [Scalable Deterministic Feature Entity Resolution] Total matches so far: 148128
2025-04-01 15:29:16,098 - entity_resolution - INFO - [Scalable Deterministic Feature Entity Resolution] Processing 12341 medium-confidence blocks...
2025-04-01 15:29:35,896 - entity_resolution - INFO - [Scalable Deterministic Feature Entity Resolution] Found 21208 matches from medium confidence blocks
2025-04-01 15:29:35,896 - entity_resolution - INFO - [Scalable Deterministic Feature Entity Resolution] Total matches so far: 169336
2025-04-01 15:29:35,896 - entity_resolution - INFO - [Scalable Deterministic Feature Entity Resolution] Processing 9107 low-confidence blocks...
2025-04-01 15:30:00,952 - entity_resolution - INFO - [Scalable Deterministic Feature Entity Resolution] Found 93042 matches from low confidence blocks
2025-04-01 15:30:00,952 - entity_resolution - INFO - [Scalable Deterministic Feature Entity Resolution] Total matches so far: 262378
2025-04-01 15:30:00,952 - entity_resolution - INFO - [Scalable Deterministic Feature Entity Resolution] Total: 262378 matches from 1,301,407 comparisons
2025-04-01 15:30:00,952 - entity_resolution - INFO - [Scalable Deterministic Feature Entity Resolution] Efficiency: Performed 1,301,407 comparisons out of 559,300,735 possible (0.2327%)
2025-04-01 15:30:01,183 - entity_resolution - INFO - [Scalable Deterministic Feature Entity Resolution] Creating clusters...
2025-04-01 15:30:01,183 - entity_resolution - INFO - Creating clusters from matches...
2025-04-01 15:30:01,548 - entity_resolution - INFO - Finding connected components...
2025-04-01 15:30:01,619 - entity_resolution - INFO - Found 683 initial clusters
2025-04-01 15:30:01,619 - entity_resolution - INFO - Found 1 suspicious large clusters
2025-04-01 15:30:10,234 - entity_resolution - INFO - Split cluster 0 into 94 sub-clusters
2025-04-01 15:30:10,242 - entity_resolution - INFO - Final cluster count: 776
2025-04-01 15:30:10,242 - entity_resolution - INFO - Largest cluster size: 738
2025-04-01 15:30:10,273 - entity_resolution - INFO - [Scalable Deterministic Feature Entity Resolution] Creating canonical records...
2025-04-01 15:30:10,273 - entity_resolution - INFO - Creating canonical records...
2025-04-01 15:30:18,641 - entity_resolution - WARNING - [Scalable Deterministic Feature Entity Resolution] SAFETY CHECK FAILED: Deduplication rate 97.68% exceeds maximum 40.00%
2025-04-01 15:30:18,641 - entity_resolution - WARNING - [Scalable Deterministic Feature Entity Resolution] This suggests a problem with the matching algorithm or parameters
2025-04-01 15:30:18,641 - entity_resolution - WARNING - [Scalable Deterministic Feature Entity Resolution] Falling back to a more conservative approach...
2025-04-01 15:30:18,641 - entity_resolution - INFO - [Scalable Deterministic Feature Entity Resolution] Rerunning with stricter match threshold: 0.95
2025-04-01 15:30:18,641 - entity_resolution - INFO - [Scalable Deterministic Feature Entity Resolution (Conservative Fallback)] Preprocessing data...
2025-04-01 15:30:20,573 - entity_resolution - INFO - [Scalable Deterministic Feature Entity Resolution (Conservative Fallback)] Using advanced blocking for 33446 records
2025-04-01 15:30:20,573 - entity_resolution - INFO - [Scalable Deterministic Feature Entity Resolution (Conservative Fallback)] Finding matches using advanced blocking strategies...
2025-04-01 15:30:21,227 - entity_resolution - INFO - [Scalable Deterministic Feature Entity Resolution (Conservative Fallback)] Created 32284 deterministic blocks with 430,936 potential comparisons
2025-04-01 15:30:21,370 - entity_resolution - INFO - [Scalable Deterministic Feature Entity Resolution (Conservative Fallback)] Created 9107 name token blocks
2025-04-01 15:30:21,390 - entity_resolution - INFO - [Scalable Deterministic Feature Entity Resolution (Conservative Fallback)] Created 41391 blocks (avg size: 4.9) in 0.81s
2025-04-01 15:30:21,424 - entity_resolution - INFO - [Scalable Deterministic Feature Entity Resolution (Conservative Fallback)] Processing 15596 high-confidence blocks...
2025-04-01 15:30:38,449 - entity_resolution - INFO - [Scalable Deterministic Feature Entity Resolution (Conservative Fallback)] Found 0 matches from high confidence blocks
2025-04-01 15:30:38,449 - entity_resolution - INFO - [Scalable Deterministic Feature Entity Resolution (Conservative Fallback)] Total matches so far: 0
2025-04-01 15:30:38,449 - entity_resolution - INFO - [Scalable Deterministic Feature Entity Resolution (Conservative Fallback)] Processing 12341 medium-confidence blocks...
2025-04-01 15:30:59,740 - entity_resolution - INFO - [Scalable Deterministic Feature Entity Resolution (Conservative Fallback)] Found 0 matches from medium confidence blocks
2025-04-01 15:30:59,740 - entity_resolution - INFO - [Scalable Deterministic Feature Entity Resolution (Conservative Fallback)] Total matches so far: 0
2025-04-01 15:30:59,740 - entity_resolution - INFO - [Scalable Deterministic Feature Entity Resolution (Conservative Fallback)] Processing 9107 low-confidence blocks...
2025-04-01 15:31:24,084 - entity_resolution - INFO - [Scalable Deterministic Feature Entity Resolution (Conservative Fallback)] Found 0 matches from low confidence blocks
2025-04-01 15:31:24,084 - entity_resolution - INFO - [Scalable Deterministic Feature Entity Resolution (Conservative Fallback)] Total matches so far: 0
2025-04-01 15:31:24,084 - entity_resolution - INFO - [Scalable Deterministic Feature Entity Resolution (Conservative Fallback)] Total: 0 matches from 1,301,407 comparisons
2025-04-01 15:31:24,084 - entity_resolution - INFO - [Scalable Deterministic Feature Entity Resolution (Conservative Fallback)] Efficiency: Performed 1,301,407 comparisons out of 559,300,735 possible (0.2327%)
2025-04-01 15:31:24,317 - entity_resolution - INFO - [Scalable Deterministic Feature Entity Resolution (Conservative Fallback)] Creating clusters...
2025-04-01 15:31:24,317 - entity_resolution - INFO - Creating clusters from matches...
2025-04-01 15:31:24,339 - entity_resolution - INFO - Finding connected components...
2025-04-01 15:31:24,374 - entity_resolution - INFO - Found 33446 initial clusters
2025-04-01 15:31:24,385 - entity_resolution - INFO - Final cluster count: 33446
2025-04-01 15:31:24,400 - entity_resolution - INFO - Largest cluster size: 1
2025-04-01 15:31:24,435 - entity_resolution - INFO - [Scalable Deterministic Feature Entity Resolution (Conservative Fallback)] Creating canonical records...
2025-04-01 15:31:24,435 - entity_resolution - INFO - Creating canonical records...
2025-04-01 15:32:12,625 - entity_resolution - INFO - [Scalable Deterministic Feature Entity Resolution (Conservative Fallback)] Resolution completed: 0 matches found from 1,301,407 comparisons
2025-04-01 15:32:12,625 - entity_resolution - INFO - [Scalable Deterministic Feature Entity Resolution (Conservative Fallback)] Comparison rate: 11417.46 comparisons/second
2025-04-01 15:32:12,627 - entity_resolution - INFO - [Scalable Deterministic Feature Entity Resolution (Conservative Fallback)] Deduplication rate: 0.00%
2025-04-01 15:32:12,716 - entity_resolution - INFO - Entity resolution completed in 197.10 seconds
2025-04-01 15:32:15,835 - entity_resolution - INFO - Results saved to results\scalable_deterministic_feature_entity_resolution
2025-04-01 15:32:15,837 - entity_resolution - INFO - Completed approach: Scalable Deterministic Feature Entity Resolution
2025-04-01 15:32:15,837 - entity_resolution - INFO - Found 33446 unique entities (deduplication rate: 0.00%)
2025-04-01 15:32:15,837 - entity_resolution - INFO - Comparing approaches...
2025-04-01 15:32:15,837 - entity_resolution - INFO - Comparison saved to results\approach_comparison.csv
2025-04-01 15:32:15,863 - entity_resolution - INFO - Cluster size distribution comparison saved to results\cluster_size_distribution_comparison.csv
2025-04-01 15:32:15,863 - entity_resolution - INFO - At least two approaches required for pairwise agreement comparison
2025-04-01 15:32:15,863 - entity_resolution - INFO - Generating comparison visualizations...
2025-04-01 15:32:17,482 - entity_resolution - INFO - Comparison visualizations saved to results\visualizations
